# JRE version: OpenJDK Runtime Environment (8.0_212-b04) (build 1.8.0_212-release-1586-b04)
# Java VM: OpenJDK 64-Bit Server VM (25.212-b04 mixed mode windows-amd64 compressed oops)
Heap:
 PSYoungGen      total 144384K, used 32151K [0x00000000e0000000, 0x00000000ea600000, 0x0000000100000000)
  eden space 131072K, 24% used [0x00000000e0000000,0x00000000e1f65f08,0x00000000e8000000)
  from space 13312K, 0% used [0x00000000e9900000,0x00000000e9900000,0x00000000ea600000)
  to   space 14848K, 0% used [0x00000000e8900000,0x00000000e8900000,0x00000000e9780000)
 ParOldGen       total 132096K, used 31655K [0x00000000a0000000, 0x00000000a8100000, 0x00000000e0000000)
  object space 132096K, 23% used [0x00000000a0000000,0x00000000a1ee9f60,0x00000000a8100000)
 Metaspace       used 58349K, capacity 60242K, committed 60632K, reserved 1101824K
  class space    used 7867K, capacity 8290K, committed 8408K, reserved 1048576K
GC Heap History (10 events):
Event: 8.376 GC heap before
{Heap before GC invocations=11 (full 2):
 PSYoungGen      total 115200K, used 11631K [0x00000000e0000000, 0x00000000ea600000, 0x0000000100000000)
  eden space 103424K, 0% used [0x00000000e0000000,0x00000000e0000000,0x00000000e6500000)
  from space 11776K, 98% used [0x00000000e6500000,0x00000000e705bf68,0x00000000e7080000)
  to   space 13312K, 0% used [0x00000000e9900000,0x00000000e9900000,0x00000000ea600000)
 ParOldGen       total 60928K, used 9976K [0x00000000a0000000, 0x00000000a3b80000, 0x00000000e0000000)
  object space 60928K, 16% used [0x00000000a0000000,0x00000000a09be1e0,0x00000000a3b80000)
 Metaspace       used 34633K, capacity 35394K, committed 35456K, reserved 1079296K
  class space    used 4764K, capacity 4992K, committed 4992K, reserved 1048576K
Event: 8.457 GC heap after
Heap after GC invocations=11 (full 2):
 PSYoungGen      total 115200K, used 0K [0x00000000e0000000, 0x00000000ea600000, 0x0000000100000000)
  eden space 103424K, 0% used [0x00000000e0000000,0x00000000e0000000,0x00000000e6500000)
  from space 11776K, 0% used [0x00000000e6500000,0x00000000e6500000,0x00000000e7080000)
  to   space 13312K, 0% used [0x00000000e9900000,0x00000000e9900000,0x00000000ea600000)
 ParOldGen       total 93184K, used 18991K [0x00000000a0000000, 0x00000000a5b00000, 0x00000000e0000000)
  object space 93184K, 20% used [0x00000000a0000000,0x00000000a128bcd8,0x00000000a5b00000)
 Metaspace       used 34633K, capacity 35394K, committed 35456K, reserved 1079296K
  class space    used 4764K, capacity 4992K, committed 4992K, reserved 1048576K
}
Event: 15.398 GC heap before
{Heap before GC invocations=12 (full 2):
 PSYoungGen      total 115200K, used 103424K [0x00000000e0000000, 0x00000000ea600000, 0x0000000100000000)
  eden space 103424K, 100% used [0x00000000e0000000,0x00000000e6500000,0x00000000e6500000)
  from space 11776K, 0% used [0x00000000e6500000,0x00000000e6500000,0x00000000e7080000)
  to   space 13312K, 0% used [0x00000000e9900000,0x00000000e9900000,0x00000000ea600000)
 ParOldGen       total 93184K, used 18991K [0x00000000a0000000, 0x00000000a5b00000, 0x00000000e0000000)
  object space 93184K, 20% used [0x00000000a0000000,0x00000000a128bcd8,0x00000000a5b00000)
 Metaspace       used 45146K, capacity 46452K, committed 46848K, reserved 1089536K
  class space    used 5989K, capacity 6283K, committed 6400K, reserved 1048576K
Event: 15.422 GC heap after
Heap after GC invocations=12 (full 2):
 PSYoungGen      total 144384K, used 13277K [0x00000000e0000000, 0x00000000ea600000, 0x0000000100000000)
  eden space 131072K, 0% used [0x00000000e0000000,0x00000000e0000000,0x00000000e8000000)
  from space 13312K, 99% used [0x00000000e9900000,0x00000000ea5f7548,0x00000000ea600000)
  to   space 14848K, 0% used [0x00000000e8900000,0x00000000e8900000,0x00000000e9780000)
 ParOldGen       total 93184K, used 18999K [0x00000000a0000000, 0x00000000a5b00000, 0x00000000e0000000)
  object space 93184K, 20% used [0x00000000a0000000,0x00000000a128dcd8,0x00000000a5b00000)
 Metaspace       used 45146K, capacity 46452K, committed 46848K, reserved 1089536K
  class space    used 5989K, capacity 6283K, committed 6400K, reserved 1048576K
}
Event: 19.815 GC heap before
{Heap before GC invocations=13 (full 2):
 PSYoungGen      total 144384K, used 144349K [0x00000000e0000000, 0x00000000ea600000, 0x0000000100000000)
  eden space 131072K, 100% used [0x00000000e0000000,0x00000000e8000000,0x00000000e8000000)
  from space 13312K, 99% used [0x00000000e9900000,0x00000000ea5f7548,0x00000000ea600000)
  to   space 14848K, 0% used [0x00000000e8900000,0x00000000e8900000,0x00000000e9780000)
 ParOldGen       total 93184K, used 18999K [0x00000000a0000000, 0x00000000a5b00000, 0x00000000e0000000)
  object space 93184K, 20% used [0x00000000a0000000,0x00000000a128dcd8,0x00000000a5b00000)
 Metaspace       used 55799K, capacity 57602K, committed 57856K, reserved 1099776K
  class space    used 7491K, capacity 7879K, committed 7936K, reserved 1048576K
Event: 19.841 GC heap after
Heap after GC invocations=13 (full 2):
 PSYoungGen      total 145920K, used 14838K [0x00000000e0000000, 0x00000000ea600000, 0x0000000100000000)
  eden space 131072K, 0% used [0x00000000e0000000,0x00000000e0000000,0x00000000e8000000)
  from space 14848K, 99% used [0x00000000e8900000,0x00000000e977da68,0x00000000e9780000)
  to   space 13312K, 0% used [0x00000000e9900000,0x00000000e9900000,0x00000000ea600000)
 ParOldGen       total 93184K, used 25656K [0x00000000a0000000, 0x00000000a5b00000, 0x00000000e0000000)
  object space 93184K, 27% used [0x00000000a0000000,0x00000000a190e230,0x00000000a5b00000)
 Metaspace       used 55799K, capacity 57602K, committed 57856K, reserved 1099776K
  class space    used 7491K, capacity 7879K, committed 7936K, reserved 1048576K
}
Event: 20.425 GC heap before
{Heap before GC invocations=14 (full 2):
 PSYoungGen      total 145920K, used 29765K [0x00000000e0000000, 0x00000000ea600000, 0x0000000100000000)
  eden space 131072K, 11% used [0x00000000e0000000,0x00000000e0e93bd8,0x00000000e8000000)
  from space 14848K, 99% used [0x00000000e8900000,0x00000000e977da68,0x00000000e9780000)
  to   space 13312K, 0% used [0x00000000e9900000,0x00000000e9900000,0x00000000ea600000)
 ParOldGen       total 93184K, used 25656K [0x00000000a0000000, 0x00000000a5b00000, 0x00000000e0000000)
  object space 93184K, 27% used [0x00000000a0000000,0x00000000a190e230,0x00000000a5b00000)
 Metaspace       used 57121K, capacity 59020K, committed 59096K, reserved 1099776K
  class space    used 7665K, capacity 8100K, committed 8152K, reserved 1048576K
Event: 20.442 GC heap after
Heap after GC invocations=14 (full 2):
 PSYoungGen      total 144384K, used 10703K [0x00000000e0000000, 0x00000000ea600000, 0x0000000100000000)
  eden space 131072K, 0% used [0x00000000e0000000,0x00000000e0000000,0x00000000e8000000)
  from space 13312K, 80% used [0x00000000e9900000,0x00000000ea373f70,0x00000000ea600000)
  to   space 14848K, 0% used [0x00000000e8900000,0x00000000e8900000,0x00000000e9780000)
 ParOldGen       total 93184K, used 31247K [0x00000000a0000000, 0x00000000a5b00000, 0x00000000e0000000)
  object space 93184K, 33% used [0x00000000a0000000,0x00000000a1e83c20,0x00000000a5b00000)
 Metaspace       used 57121K, capacity 59020K, committed 59096K, reserved 1099776K
  class space    used 7665K, capacity 8100K, committed 8152K, reserved 1048576K
}
Event: 20.442 GC heap before
{Heap before GC invocations=15 (full 3):
 PSYoungGen      total 144384K, used 10703K [0x00000000e0000000, 0x00000000ea600000, 0x0000000100000000)
  eden space 131072K, 0% used [0x00000000e0000000,0x00000000e0000000,0x00000000e8000000)
  from space 13312K, 80% used [0x00000000e9900000,0x00000000ea373f70,0x00000000ea600000)
  to   space 14848K, 0% used [0x00000000e8900000,0x00000000e8900000,0x00000000e9780000)
 ParOldGen       total 93184K, used 31247K [0x00000000a0000000, 0x00000000a5b00000, 0x00000000e0000000)
  object space 93184K, 33% used [0x00000000a0000000,0x00000000a1e83c20,0x00000000a5b00000)
 Metaspace       used 57121K, capacity 59020K, committed 59096K, reserved 1099776K
  class space    used 7665K, capacity 8100K, committed 8152K, reserved 1048576K
Event: 20.730 GC heap after
Heap after GC invocations=15 (full 3):
 PSYoungGen      total 144384K, used 0K [0x00000000e0000000, 0x00000000ea600000, 0x0000000100000000)
  eden space 131072K, 0% used [0x00000000e0000000,0x00000000e0000000,0x00000000e8000000)
  from space 13312K, 0% used [0x00000000e9900000,0x00000000e9900000,0x00000000ea600000)
  to   space 14848K, 0% used [0x00000000e8900000,0x00000000e8900000,0x00000000e9780000)
 ParOldGen       total 132096K, used 31655K [0x00000000a0000000, 0x00000000a8100000, 0x00000000e0000000)
  object space 132096K, 23% used [0x00000000a0000000,0x00000000a1ee9f60,0x00000000a8100000)
 Metaspace       used 57088K, capacity 58908K, committed 59096K, reserved 1099776K
  class space    used 7655K, capacity 8088K, committed 8152K, reserved 1048576K
}

