# JRE version: OpenJDK Runtime Environment (8.0_212-b04) (build 1.8.0_212-release-1586-b04)
# Java VM: OpenJDK 64-Bit Server VM (25.212-b04 mixed mode windows-amd64 compressed oops)
Heap:
 PSYoungGen      total 116224K, used 44846K [0x00000000e0000000, 0x00000000ea700000, 0x0000000100000000)
  eden space 104448K, 42% used [0x00000000e0000000,0x00000000e2bcb988,0x00000000e6600000)
  from space 11776K, 0% used [0x00000000e6600000,0x00000000e6600000,0x00000000e7180000)
  to   space 13312K, 0% used [0x00000000e9a00000,0x00000000e9a00000,0x00000000ea700000)
 ParOldGen       total 96256K, used 19057K [0x00000000a0000000, 0x00000000a5e00000, 0x00000000e0000000)
  object space 96256K, 19% used [0x00000000a0000000,0x00000000a129c7f8,0x00000000a5e00000)
 Metaspace       used 36632K, capacity 37808K, committed 37928K, reserved 1081344K
  class space    used 5048K, capacity 5366K, committed 5416K, reserved 1048576K
GC Heap History (10 events):
Event: 5.277 GC heap before
{Heap before GC invocations=7 (full 1):
 PSYoungGen      total 76288K, used 9224K [0x00000000e0000000, 0x00000000e5800000, 0x0000000100000000)
  eden space 65536K, 0% used [0x00000000e0000000,0x00000000e0000000,0x00000000e4000000)
  from space 10752K, 85% used [0x00000000e4b80000,0x00000000e5482250,0x00000000e5600000)
  to   space 11776K, 0% used [0x00000000e4000000,0x00000000e4000000,0x00000000e4b80000)
 ParOldGen       total 87552K, used 7526K [0x00000000a0000000, 0x00000000a5580000, 0x00000000e0000000)
  object space 87552K, 8% used [0x00000000a0000000,0x00000000a07598c0,0x00000000a5580000)
 Metaspace       used 20693K, capacity 21206K, committed 21296K, reserved 1067008K
  class space    used 2993K, capacity 3136K, committed 3200K, reserved 1048576K
Event: 5.324 GC heap after
Heap after GC invocations=7 (full 1):
 PSYoungGen      total 76288K, used 0K [0x00000000e0000000, 0x00000000e5800000, 0x0000000100000000)
  eden space 65536K, 0% used [0x00000000e0000000,0x00000000e0000000,0x00000000e4000000)
  from space 10752K, 0% used [0x00000000e4b80000,0x00000000e4b80000,0x00000000e5600000)
  to   space 11776K, 0% used [0x00000000e4000000,0x00000000e4000000,0x00000000e4b80000)
 ParOldGen       total 60416K, used 9946K [0x00000000a0000000, 0x00000000a3b00000, 0x00000000e0000000)
  object space 60416K, 16% used [0x00000000a0000000,0x00000000a09b6bd0,0x00000000a3b00000)
 Metaspace       used 20693K, capacity 21206K, committed 21296K, reserved 1067008K
  class space    used 2993K, capacity 3136K, committed 3200K, reserved 1048576K
}
Event: 6.200 GC heap before
{Heap before GC invocations=8 (full 1):
 PSYoungGen      total 76288K, used 65536K [0x00000000e0000000, 0x00000000e5800000, 0x0000000100000000)
  eden space 65536K, 100% used [0x00000000e0000000,0x00000000e4000000,0x00000000e4000000)
  from space 10752K, 0% used [0x00000000e4b80000,0x00000000e4b80000,0x00000000e5600000)
  to   space 11776K, 0% used [0x00000000e4000000,0x00000000e4000000,0x00000000e4b80000)
 ParOldGen       total 60416K, used 9946K [0x00000000a0000000, 0x00000000a3b00000, 0x00000000e0000000)
  object space 60416K, 16% used [0x00000000a0000000,0x00000000a09b6bd0,0x00000000a3b00000)
 Metaspace       used 28240K, capacity 28830K, committed 28928K, reserved 1075200K
  class space    used 3868K, capacity 4074K, committed 4096K, reserved 1048576K
Event: 6.208 GC heap after
Heap after GC invocations=8 (full 1):
 PSYoungGen      total 77312K, used 7409K [0x00000000e0000000, 0x00000000e7c80000, 0x0000000100000000)
  eden space 65536K, 0% used [0x00000000e0000000,0x00000000e0000000,0x00000000e4000000)
  from space 11776K, 62% used [0x00000000e4000000,0x00000000e473c738,0x00000000e4b80000)
  to   space 11264K, 0% used [0x00000000e7180000,0x00000000e7180000,0x00000000e7c80000)
 ParOldGen       total 60416K, used 9954K [0x00000000a0000000, 0x00000000a3b00000, 0x00000000e0000000)
  object space 60416K, 16% used [0x00000000a0000000,0x00000000a09b8bd0,0x00000000a3b00000)
 Metaspace       used 28240K, capacity 28830K, committed 28928K, reserved 1075200K
  class space    used 3868K, capacity 4074K, committed 4096K, reserved 1048576K
}
Event: 7.193 GC heap before
{Heap before GC invocations=9 (full 1):
 PSYoungGen      total 77312K, used 72945K [0x00000000e0000000, 0x00000000e7c80000, 0x0000000100000000)
  eden space 65536K, 100% used [0x00000000e0000000,0x00000000e4000000,0x00000000e4000000)
  from space 11776K, 62% used [0x00000000e4000000,0x00000000e473c738,0x00000000e4b80000)
  to   space 11264K, 0% used [0x00000000e7180000,0x00000000e7180000,0x00000000e7c80000)
 ParOldGen       total 60416K, used 9954K [0x00000000a0000000, 0x00000000a3b00000, 0x00000000e0000000)
  object space 60416K, 16% used [0x00000000a0000000,0x00000000a09b8bd0,0x00000000a3b00000)
 Metaspace       used 32016K, capacity 32734K, committed 33024K, reserved 1077248K
  class space    used 4332K, capacity 4553K, committed 4608K, reserved 1048576K
Event: 7.204 GC heap after
Heap after GC invocations=9 (full 1):
 PSYoungGen      total 115712K, used 9163K [0x00000000e0000000, 0x00000000e7d00000, 0x0000000100000000)
  eden space 104448K, 0% used [0x00000000e0000000,0x00000000e0000000,0x00000000e6600000)
  from space 11264K, 81% used [0x00000000e7180000,0x00000000e7a72d48,0x00000000e7c80000)
  to   space 11776K, 0% used [0x00000000e6600000,0x00000000e6600000,0x00000000e7180000)
 ParOldGen       total 60416K, used 9962K [0x00000000a0000000, 0x00000000a3b00000, 0x00000000e0000000)
  object space 60416K, 16% used [0x00000000a0000000,0x00000000a09babd0,0x00000000a3b00000)
 Metaspace       used 32016K, capacity 32734K, committed 33024K, reserved 1077248K
  class space    used 4332K, capacity 4553K, committed 4608K, reserved 1048576K
}
Event: 8.054 GC heap before
{Heap before GC invocations=10 (full 1):
 PSYoungGen      total 115712K, used 70893K [0x00000000e0000000, 0x00000000e7d00000, 0x0000000100000000)
  eden space 104448K, 59% used [0x00000000e0000000,0x00000000e3c48878,0x00000000e6600000)
  from space 11264K, 81% used [0x00000000e7180000,0x00000000e7a72d48,0x00000000e7c80000)
  to   space 11776K, 0% used [0x00000000e6600000,0x00000000e6600000,0x00000000e7180000)
 ParOldGen       total 60416K, used 9962K [0x00000000a0000000, 0x00000000a3b00000, 0x00000000e0000000)
  object space 60416K, 16% used [0x00000000a0000000,0x00000000a09babd0,0x00000000a3b00000)
 Metaspace       used 34675K, capacity 35430K, committed 35496K, reserved 1079296K
  class space    used 4769K, capacity 4996K, committed 5032K, reserved 1048576K
Event: 8.073 GC heap after
Heap after GC invocations=10 (full 1):
 PSYoungGen      total 116224K, used 11662K [0x00000000e0000000, 0x00000000ea700000, 0x0000000100000000)
  eden space 104448K, 0% used [0x00000000e0000000,0x00000000e0000000,0x00000000e6600000)
  from space 11776K, 99% used [0x00000000e6600000,0x00000000e71639a8,0x00000000e7180000)
  to   space 13312K, 0% used [0x00000000e9a00000,0x00000000e9a00000,0x00000000ea700000)
 ParOldGen       total 60416K, used 9970K [0x00000000a0000000, 0x00000000a3b00000, 0x00000000e0000000)
  object space 60416K, 16% used [0x00000000a0000000,0x00000000a09bcbd0,0x00000000a3b00000)
 Metaspace       used 34675K, capacity 35430K, committed 35496K, reserved 1079296K
  class space    used 4769K, capacity 4996K, committed 5032K, reserved 1048576K
}
Event: 8.073 GC heap before
{Heap before GC invocations=11 (full 2):
 PSYoungGen      total 116224K, used 11662K [0x00000000e0000000, 0x00000000ea700000, 0x0000000100000000)
  eden space 104448K, 0% used [0x00000000e0000000,0x00000000e0000000,0x00000000e6600000)
  from space 11776K, 99% used [0x00000000e6600000,0x00000000e71639a8,0x00000000e7180000)
  to   space 13312K, 0% used [0x00000000e9a00000,0x00000000e9a00000,0x00000000ea700000)
 ParOldGen       total 60416K, used 9970K [0x00000000a0000000, 0x00000000a3b00000, 0x00000000e0000000)
  object space 60416K, 16% used [0x00000000a0000000,0x00000000a09bcbd0,0x00000000a3b00000)
 Metaspace       used 34675K, capacity 35430K, committed 35496K, reserved 1079296K
  class space    used 4769K, capacity 4996K, committed 5032K, reserved 1048576K
Event: 8.167 GC heap after
Heap after GC invocations=11 (full 2):
 PSYoungGen      total 116224K, used 0K [0x00000000e0000000, 0x00000000ea700000, 0x0000000100000000)
  eden space 104448K, 0% used [0x00000000e0000000,0x00000000e0000000,0x00000000e6600000)
  from space 11776K, 0% used [0x00000000e6600000,0x00000000e6600000,0x00000000e7180000)
  to   space 13312K, 0% used [0x00000000e9a00000,0x00000000e9a00000,0x00000000ea700000)
 ParOldGen       total 96256K, used 19057K [0x00000000a0000000, 0x00000000a5e00000, 0x00000000e0000000)
  object space 96256K, 19% used [0x00000000a0000000,0x00000000a129c7f8,0x00000000a5e00000)
 Metaspace       used 34675K, capacity 35430K, committed 35496K, reserved 1079296K
  class space    used 4769K, capacity 4996K, committed 5032K, reserved 1048576K
}

