# JRE version: OpenJDK Runtime Environment (8.0_212-b04) (build 1.8.0_212-release-1586-b04)
# Java VM: OpenJDK 64-Bit Server VM (25.212-b04 mixed mode windows-amd64 compressed oops)
Heap:
 PSYoungGen      total 144896K, used 105451K [0x00000000eab00000, 0x00000000f5880000, 0x0000000100000000)
  eden space 131584K, 70% used [0x00000000eab00000,0x00000000f04fc690,0x00000000f2b80000)
  from space 13312K, 99% used [0x00000000f4b80000,0x00000000f587e918,0x00000000f5880000)
  to   space 15360K, 0% used [0x00000000f3a80000,0x00000000f3a80000,0x00000000f4980000)
 ParOldGen       total 59904K, used 20631K [0x00000000c0000000, 0x00000000c3a80000, 0x00000000eab00000)
  object space 59904K, 34% used [0x00000000c0000000,0x00000000c1425cb8,0x00000000c3a80000)
 Metaspace       used 51574K, capacity 53310K, committed 53544K, reserved 1095680K
  class space    used 6931K, capacity 7357K, committed 7464K, reserved 1048576K
GC Heap History (10 events):
Event: 6.144 GC heap before
{Heap before GC invocations=8 (full 1):
 PSYoungGen      total 76288K, used 65536K [0x00000000eab00000, 0x00000000f0300000, 0x0000000100000000)
  eden space 65536K, 100% used [0x00000000eab00000,0x00000000eeb00000,0x00000000eeb00000)
  from space 10752K, 0% used [0x00000000ef680000,0x00000000ef680000,0x00000000f0100000)
  to   space 11776K, 0% used [0x00000000eeb00000,0x00000000eeb00000,0x00000000ef680000)
 ParOldGen       total 59904K, used 9914K [0x00000000c0000000, 0x00000000c3a80000, 0x00000000eab00000)
  object space 59904K, 16% used [0x00000000c0000000,0x00000000c09aebf8,0x00000000c3a80000)
 Metaspace       used 28184K, capacity 28734K, committed 28928K, reserved 1075200K
  class space    used 3856K, capacity 4042K, committed 4096K, reserved 1048576K
Event: 6.155 GC heap after
Heap after GC invocations=8 (full 1):
 PSYoungGen      total 77312K, used 7453K [0x00000000eab00000, 0x00000000f2880000, 0x0000000100000000)
  eden space 65536K, 0% used [0x00000000eab00000,0x00000000eab00000,0x00000000eeb00000)
  from space 11776K, 63% used [0x00000000eeb00000,0x00000000ef247618,0x00000000ef680000)
  to   space 11264K, 0% used [0x00000000f1d80000,0x00000000f1d80000,0x00000000f2880000)
 ParOldGen       total 59904K, used 9922K [0x00000000c0000000, 0x00000000c3a80000, 0x00000000eab00000)
  object space 59904K, 16% used [0x00000000c0000000,0x00000000c09b0bf8,0x00000000c3a80000)
 Metaspace       used 28184K, capacity 28734K, committed 28928K, reserved 1075200K
  class space    used 3856K, capacity 4042K, committed 4096K, reserved 1048576K
}
Event: 7.109 GC heap before
{Heap before GC invocations=9 (full 1):
 PSYoungGen      total 77312K, used 72989K [0x00000000eab00000, 0x00000000f2880000, 0x0000000100000000)
  eden space 65536K, 100% used [0x00000000eab00000,0x00000000eeb00000,0x00000000eeb00000)
  from space 11776K, 63% used [0x00000000eeb00000,0x00000000ef247618,0x00000000ef680000)
  to   space 11264K, 0% used [0x00000000f1d80000,0x00000000f1d80000,0x00000000f2880000)
 ParOldGen       total 59904K, used 9922K [0x00000000c0000000, 0x00000000c3a80000, 0x00000000eab00000)
  object space 59904K, 16% used [0x00000000c0000000,0x00000000c09b0bf8,0x00000000c3a80000)
 Metaspace       used 32024K, capacity 32798K, committed 33024K, reserved 1077248K
  class space    used 4327K, capacity 4553K, committed 4608K, reserved 1048576K
Event: 7.129 GC heap after
Heap after GC invocations=9 (full 1):
 PSYoungGen      total 116736K, used 9103K [0x00000000eab00000, 0x00000000f2b80000, 0x0000000100000000)
  eden space 105472K, 0% used [0x00000000eab00000,0x00000000eab00000,0x00000000f1200000)
  from space 11264K, 80% used [0x00000000f1d80000,0x00000000f2663f68,0x00000000f2880000)
  to   space 11776K, 0% used [0x00000000f1200000,0x00000000f1200000,0x00000000f1d80000)
 ParOldGen       total 59904K, used 9930K [0x00000000c0000000, 0x00000000c3a80000, 0x00000000eab00000)
  object space 59904K, 16% used [0x00000000c0000000,0x00000000c09b2bf8,0x00000000c3a80000)
 Metaspace       used 32024K, capacity 32798K, committed 33024K, reserved 1077248K
  class space    used 4327K, capacity 4553K, committed 4608K, reserved 1048576K
}
Event: 7.836 GC heap before
{Heap before GC invocations=10 (full 1):
 PSYoungGen      total 116736K, used 71321K [0x00000000eab00000, 0x00000000f2b80000, 0x0000000100000000)
  eden space 105472K, 58% used [0x00000000eab00000,0x00000000ee7c2680,0x00000000f1200000)
  from space 11264K, 80% used [0x00000000f1d80000,0x00000000f2663f68,0x00000000f2880000)
  to   space 11776K, 0% used [0x00000000f1200000,0x00000000f1200000,0x00000000f1d80000)
 ParOldGen       total 59904K, used 9930K [0x00000000c0000000, 0x00000000c3a80000, 0x00000000eab00000)
  object space 59904K, 16% used [0x00000000c0000000,0x00000000c09b2bf8,0x00000000c3a80000)
 Metaspace       used 34659K, capacity 35430K, committed 35496K, reserved 1079296K
  class space    used 4764K, capacity 4996K, committed 5032K, reserved 1048576K
Event: 7.867 GC heap after
Heap after GC invocations=10 (full 1):
 PSYoungGen      total 117248K, used 11673K [0x00000000eab00000, 0x00000000f5880000, 0x0000000100000000)
  eden space 105472K, 0% used [0x00000000eab00000,0x00000000eab00000,0x00000000f1200000)
  from space 11776K, 99% used [0x00000000f1200000,0x00000000f1d665c0,0x00000000f1d80000)
  to   space 13312K, 0% used [0x00000000f4b80000,0x00000000f4b80000,0x00000000f5880000)
 ParOldGen       total 59904K, used 9938K [0x00000000c0000000, 0x00000000c3a80000, 0x00000000eab00000)
  object space 59904K, 16% used [0x00000000c0000000,0x00000000c09b4bf8,0x00000000c3a80000)
 Metaspace       used 34659K, capacity 35430K, committed 35496K, reserved 1079296K
  class space    used 4764K, capacity 4996K, committed 5032K, reserved 1048576K
}
Event: 7.867 GC heap before
{Heap before GC invocations=11 (full 2):
 PSYoungGen      total 117248K, used 11673K [0x00000000eab00000, 0x00000000f5880000, 0x0000000100000000)
  eden space 105472K, 0% used [0x00000000eab00000,0x00000000eab00000,0x00000000f1200000)
  from space 11776K, 99% used [0x00000000f1200000,0x00000000f1d665c0,0x00000000f1d80000)
  to   space 13312K, 0% used [0x00000000f4b80000,0x00000000f4b80000,0x00000000f5880000)
 ParOldGen       total 59904K, used 9938K [0x00000000c0000000, 0x00000000c3a80000, 0x00000000eab00000)
  object space 59904K, 16% used [0x00000000c0000000,0x00000000c09b4bf8,0x00000000c3a80000)
 Metaspace       used 34659K, capacity 35430K, committed 35496K, reserved 1079296K
  class space    used 4764K, capacity 4996K, committed 5032K, reserved 1048576K
Event: 7.998 GC heap after
Heap after GC invocations=11 (full 2):
 PSYoungGen      total 117248K, used 0K [0x00000000eab00000, 0x00000000f5880000, 0x0000000100000000)
  eden space 105472K, 0% used [0x00000000eab00000,0x00000000eab00000,0x00000000f1200000)
  from space 11776K, 0% used [0x00000000f1200000,0x00000000f1200000,0x00000000f1d80000)
  to   space 13312K, 0% used [0x00000000f4b80000,0x00000000f4b80000,0x00000000f5880000)
 ParOldGen       total 59904K, used 19064K [0x00000000c0000000, 0x00000000c3a80000, 0x00000000eab00000)
  object space 59904K, 31% used [0x00000000c0000000,0x00000000c129e170,0x00000000c3a80000)
 Metaspace       used 34659K, capacity 35430K, committed 35496K, reserved 1079296K
  class space    used 4764K, capacity 4996K, committed 5032K, reserved 1048576K
}
Event: 9.756 GC heap before
{Heap before GC invocations=12 (full 2):
 PSYoungGen      total 117248K, used 105472K [0x00000000eab00000, 0x00000000f5880000, 0x0000000100000000)
  eden space 105472K, 100% used [0x00000000eab00000,0x00000000f1200000,0x00000000f1200000)
  from space 11776K, 0% used [0x00000000f1200000,0x00000000f1200000,0x00000000f1d80000)
  to   space 13312K, 0% used [0x00000000f4b80000,0x00000000f4b80000,0x00000000f5880000)
 ParOldGen       total 59904K, used 19064K [0x00000000c0000000, 0x00000000c3a80000, 0x00000000eab00000)
  object space 59904K, 31% used [0x00000000c0000000,0x00000000c129e170,0x00000000c3a80000)
 Metaspace       used 43845K, capacity 45108K, committed 45224K, reserved 1087488K
  class space    used 5912K, capacity 6207K, committed 6312K, reserved 1048576K
Event: 9.777 GC heap after
Heap after GC invocations=12 (full 2):
 PSYoungGen      total 144896K, used 13306K [0x00000000eab00000, 0x00000000f5880000, 0x0000000100000000)
  eden space 131584K, 0% used [0x00000000eab00000,0x00000000eab00000,0x00000000f2b80000)
  from space 13312K, 99% used [0x00000000f4b80000,0x00000000f587e918,0x00000000f5880000)
  to   space 15360K, 0% used [0x00000000f3a80000,0x00000000f3a80000,0x00000000f4980000)
 ParOldGen       total 59904K, used 20631K [0x00000000c0000000, 0x00000000c3a80000, 0x00000000eab00000)
  object space 59904K, 34% used [0x00000000c0000000,0x00000000c1425cb8,0x00000000c3a80000)
 Metaspace       used 43845K, capacity 45108K, committed 45224K, reserved 1087488K
  class space    used 5912K, capacity 6207K, committed 6312K, reserved 1048576K
}

