# JRE version: OpenJDK Runtime Environment (8.0_212-b04) (build 1.8.0_212-release-1586-b04)
# Java VM: OpenJDK 64-Bit Server VM (25.212-b04 mixed mode windows-amd64 compressed oops)
Heap:
 PSYoungGen      total 122368K, used 23420K [0x00000000e0000000, 0x00000000eb180000, 0x0000000100000000)
  eden space 110080K, 21% used [0x00000000e0000000,0x00000000e16df088,0x00000000e6b80000)
  from space 12288K, 0% used [0x00000000e6b80000,0x00000000e6b80000,0x00000000e7780000)
  to   space 12288K, 0% used [0x00000000ea580000,0x00000000ea580000,0x00000000eb180000)
 ParOldGen       total 76800K, used 15141K [0x00000000a0000000, 0x00000000a4b00000, 0x00000000e0000000)
  object space 76800K, 19% used [0x00000000a0000000,0x00000000a0ec9690,0x00000000a4b00000)
 Metaspace       used 35730K, capacity 36512K, committed 36736K, reserved 1081344K
  class space    used 4712K, capacity 4941K, committed 4992K, reserved 1048576K
GC Heap History (10 events):
Event: 11.194 GC heap before
{Heap before GC invocations=7 (full 1):
 PSYoungGen      total 76288K, used 9265K [0x00000000e0000000, 0x00000000e5800000, 0x0000000100000000)
  eden space 65536K, 0% used [0x00000000e0000000,0x00000000e0000000,0x00000000e4000000)
  from space 10752K, 86% used [0x00000000e4b80000,0x00000000e548c688,0x00000000e5600000)
  to   space 11776K, 0% used [0x00000000e4000000,0x00000000e4000000,0x00000000e4b80000)
 ParOldGen       total 87552K, used 7564K [0x00000000a0000000, 0x00000000a5580000, 0x00000000e0000000)
  object space 87552K, 8% used [0x00000000a0000000,0x00000000a0763078,0x00000000a5580000)
 Metaspace       used 20713K, capacity 21190K, committed 21296K, reserved 1067008K
  class space    used 2993K, capacity 3136K, committed 3200K, reserved 1048576K
Event: 11.243 GC heap after
Heap after GC invocations=7 (full 1):
 PSYoungGen      total 76288K, used 0K [0x00000000e0000000, 0x00000000e5800000, 0x0000000100000000)
  eden space 65536K, 0% used [0x00000000e0000000,0x00000000e0000000,0x00000000e4000000)
  from space 10752K, 0% used [0x00000000e4b80000,0x00000000e4b80000,0x00000000e5600000)
  to   space 11776K, 0% used [0x00000000e4000000,0x00000000e4000000,0x00000000e4b80000)
 ParOldGen       total 56320K, used 9981K [0x00000000a0000000, 0x00000000a3700000, 0x00000000e0000000)
  object space 56320K, 17% used [0x00000000a0000000,0x00000000a09bf448,0x00000000a3700000)
 Metaspace       used 20713K, capacity 21190K, committed 21296K, reserved 1067008K
  class space    used 2993K, capacity 3136K, committed 3200K, reserved 1048576K
}
Event: 16.422 GC heap before
{Heap before GC invocations=8 (full 1):
 PSYoungGen      total 76288K, used 65536K [0x00000000e0000000, 0x00000000e5800000, 0x0000000100000000)
  eden space 65536K, 100% used [0x00000000e0000000,0x00000000e4000000,0x00000000e4000000)
  from space 10752K, 0% used [0x00000000e4b80000,0x00000000e4b80000,0x00000000e5600000)
  to   space 11776K, 0% used [0x00000000e4000000,0x00000000e4000000,0x00000000e4b80000)
 ParOldGen       total 56320K, used 9981K [0x00000000a0000000, 0x00000000a3700000, 0x00000000e0000000)
  object space 56320K, 17% used [0x00000000a0000000,0x00000000a09bf448,0x00000000a3700000)
 Metaspace       used 28208K, capacity 28750K, committed 28928K, reserved 1075200K
  class space    used 3861K, capacity 4010K, committed 4096K, reserved 1048576K
Event: 16.434 GC heap after
Heap after GC invocations=8 (full 1):
 PSYoungGen      total 77312K, used 7435K [0x00000000e0000000, 0x00000000e8280000, 0x0000000100000000)
  eden space 65536K, 0% used [0x00000000e0000000,0x00000000e0000000,0x00000000e4000000)
  from space 11776K, 63% used [0x00000000e4000000,0x00000000e4742e90,0x00000000e4b80000)
  to   space 11264K, 0% used [0x00000000e7780000,0x00000000e7780000,0x00000000e8280000)
 ParOldGen       total 56320K, used 9989K [0x00000000a0000000, 0x00000000a3700000, 0x00000000e0000000)
  object space 56320K, 17% used [0x00000000a0000000,0x00000000a09c1448,0x00000000a3700000)
 Metaspace       used 28208K, capacity 28750K, committed 28928K, reserved 1075200K
  class space    used 3861K, capacity 4010K, committed 4096K, reserved 1048576K
}
Event: 19.720 GC heap before
{Heap before GC invocations=9 (full 1):
 PSYoungGen      total 77312K, used 72971K [0x00000000e0000000, 0x00000000e8280000, 0x0000000100000000)
  eden space 65536K, 100% used [0x00000000e0000000,0x00000000e4000000,0x00000000e4000000)
  from space 11776K, 63% used [0x00000000e4000000,0x00000000e4742e90,0x00000000e4b80000)
  to   space 11264K, 0% used [0x00000000e7780000,0x00000000e7780000,0x00000000e8280000)
 ParOldGen       total 56320K, used 9989K [0x00000000a0000000, 0x00000000a3700000, 0x00000000e0000000)
  object space 56320K, 17% used [0x00000000a0000000,0x00000000a09c1448,0x00000000a3700000)
 Metaspace       used 33302K, capacity 33900K, committed 34176K, reserved 1079296K
  class space    used 4474K, capacity 4692K, committed 4736K, reserved 1048576K
Event: 19.751 GC heap after
Heap after GC invocations=9 (full 1):
 PSYoungGen      total 121344K, used 10378K [0x00000000e0000000, 0x00000000e8480000, 0x0000000100000000)
  eden space 110080K, 0% used [0x00000000e0000000,0x00000000e0000000,0x00000000e6b80000)
  from space 11264K, 92% used [0x00000000e7780000,0x00000000e81a2a30,0x00000000e8280000)
  to   space 12288K, 0% used [0x00000000e6b80000,0x00000000e6b80000,0x00000000e7780000)
 ParOldGen       total 56320K, used 9997K [0x00000000a0000000, 0x00000000a3700000, 0x00000000e0000000)
  object space 56320K, 17% used [0x00000000a0000000,0x00000000a09c3448,0x00000000a3700000)
 Metaspace       used 33302K, capacity 33900K, committed 34176K, reserved 1079296K
  class space    used 4474K, capacity 4692K, committed 4736K, reserved 1048576K
}
Event: 20.563 GC heap before
{Heap before GC invocations=10 (full 1):
 PSYoungGen      total 121344K, used 28493K [0x00000000e0000000, 0x00000000e8480000, 0x0000000100000000)
  eden space 110080K, 16% used [0x00000000e0000000,0x00000000e11b0a28,0x00000000e6b80000)
  from space 11264K, 92% used [0x00000000e7780000,0x00000000e81a2a30,0x00000000e8280000)
  to   space 12288K, 0% used [0x00000000e6b80000,0x00000000e6b80000,0x00000000e7780000)
 ParOldGen       total 56320K, used 9997K [0x00000000a0000000, 0x00000000a3700000, 0x00000000e0000000)
  object space 56320K, 17% used [0x00000000a0000000,0x00000000a09c3448,0x00000000a3700000)
 Metaspace       used 34670K, capacity 35414K, committed 35496K, reserved 1079296K
  class space    used 4570K, capacity 4810K, committed 4864K, reserved 1048576K
Event: 20.575 GC heap after
Heap after GC invocations=10 (full 1):
 PSYoungGen      total 122368K, used 7719K [0x00000000e0000000, 0x00000000eb180000, 0x0000000100000000)
  eden space 110080K, 0% used [0x00000000e0000000,0x00000000e0000000,0x00000000e6b80000)
  from space 12288K, 62% used [0x00000000e6b80000,0x00000000e7309d78,0x00000000e7780000)
  to   space 12288K, 0% used [0x00000000ea580000,0x00000000ea580000,0x00000000eb180000)
 ParOldGen       total 56320K, used 10005K [0x00000000a0000000, 0x00000000a3700000, 0x00000000e0000000)
  object space 56320K, 17% used [0x00000000a0000000,0x00000000a09c5448,0x00000000a3700000)
 Metaspace       used 34670K, capacity 35414K, committed 35496K, reserved 1079296K
  class space    used 4570K, capacity 4810K, committed 4864K, reserved 1048576K
}
Event: 20.575 GC heap before
{Heap before GC invocations=11 (full 2):
 PSYoungGen      total 122368K, used 7719K [0x00000000e0000000, 0x00000000eb180000, 0x0000000100000000)
  eden space 110080K, 0% used [0x00000000e0000000,0x00000000e0000000,0x00000000e6b80000)
  from space 12288K, 62% used [0x00000000e6b80000,0x00000000e7309d78,0x00000000e7780000)
  to   space 12288K, 0% used [0x00000000ea580000,0x00000000ea580000,0x00000000eb180000)
 ParOldGen       total 56320K, used 10005K [0x00000000a0000000, 0x00000000a3700000, 0x00000000e0000000)
  object space 56320K, 17% used [0x00000000a0000000,0x00000000a09c5448,0x00000000a3700000)
 Metaspace       used 34670K, capacity 35414K, committed 35496K, reserved 1079296K
  class space    used 4570K, capacity 4810K, committed 4864K, reserved 1048576K
Event: 20.652 GC heap after
Heap after GC invocations=11 (full 2):
 PSYoungGen      total 122368K, used 0K [0x00000000e0000000, 0x00000000eb180000, 0x0000000100000000)
  eden space 110080K, 0% used [0x00000000e0000000,0x00000000e0000000,0x00000000e6b80000)
  from space 12288K, 0% used [0x00000000e6b80000,0x00000000e6b80000,0x00000000e7780000)
  to   space 12288K, 0% used [0x00000000ea580000,0x00000000ea580000,0x00000000eb180000)
 ParOldGen       total 76800K, used 15141K [0x00000000a0000000, 0x00000000a4b00000, 0x00000000e0000000)
  object space 76800K, 19% used [0x00000000a0000000,0x00000000a0ec9690,0x00000000a4b00000)
 Metaspace       used 34624K, capacity 35310K, committed 35496K, reserved 1079296K
  class space    used 4559K, capacity 4798K, committed 4864K, reserved 1048576K
}

